<?xml version="1.0" encoding="UTF-8"?>
<!-- Generated by org.testng.reporters.JUnitReportReporter -->
<testsuite skipped="0" hostname="LAPTOP-4TNPC4AC" name="E2E.Appium_Framework.apiDemo" tests="2" failures="0" timestamp="05 Nov 2020 08:12:40 GMT" time="139.861" errors="0">
  <testcase name="basicTest" time="75.550" classname="E2E.Appium_Framework.apiDemo"/>
  <testcase name="basicTest" time="64.311" classname="E2E.Appium_Framework.apiDemo"/>
</testsuite> <!-- E2E.Appium_Framework.apiDemo -->
