<?xml version="1.0" encoding="UTF-8"?>
<!-- Generated by org.testng.reporters.JUnitReportReporter -->
<testsuite skipped="0" hostname="LAPTOP-4TNPC4AC" name="E2E.Appium_Framework.EcommerceE2E" tests="1" failures="0" timestamp="05 Nov 2020 08:08:52 GMT" time="113.346" errors="0">
  <testcase name="registerToShop" time="113.346" classname="E2E.Appium_Framework.EcommerceE2E"/>
</testsuite> <!-- E2E.Appium_Framework.EcommerceE2E -->
