<?xml version="1.0" encoding="UTF-8"?>
<!-- Generated by org.testng.reporters.JUnitReportReporter -->
<testsuite skipped="0" hostname="LAPTOP-4TNPC4AC" name="E2E.Appium_Framework.apiDemo" tests="2" failures="0" timestamp="11 Nov 2020 15:57:15 GMT" time="391.595" errors="0">
  <testcase name="basicTest" time="168.006" classname="E2E.Appium_Framework.apiDemo"/>
  <testcase name="basicTest" time="223.589" classname="E2E.Appium_Framework.apiDemo"/>
</testsuite> <!-- E2E.Appium_Framework.apiDemo -->
